New Data Called...
C.U. Electric,750,0,0,0,0
Cal Gas Electric,122.68,0,0,0,0
Cal Telephone,91.94,0,0,0,0
Daigle Lighting,"1,591.00",0,0,0,0
Hamlin Metal,670,0,0,0,0
Hopkins Construction Rentals,700,0,0,0,0
Lew Plumbing,"1,330.00",0,0,0,0
Middlefield Drywall,"1,200.00",0,0,0,0
Patton Hardware Supplies,"1,020.00","3,459.20",0,0,0
Perry Windows Doors,"6,705.00",0,0,0,0
Sergeant Insurance,"4,050.00",0,0,0,0
Sloan Roofing,"1,047.00",0,0,0,0
Thomas Kitchen New Data Called...
Name, Cable Id, Street, Area, Address, Mobile No, Email Id, Activation Date, STB No, VC Model, Connection Status, Installation Charges, Installation Due, Monthly Rental, Rental Due
Arunachalam, FFF04, Main Street, Pallikaranai, Flat no 4 India Bulls, 9988765432, arun@test.com, 2016-06-23,,,Active,1000,100,100,200New Data Called...
Name, Cable Id, Street, Area, Address, Mobile No, Email Id, Activation Date, STB No, VC Model, Connection Status, Installation Charges, Installation Due, Monthly Rental, Rental Due
Arunachalam, FFF04, Main Street, Pallikaranai, Flat no 4 India Bulls, 9988765432, arun@test.com, 2016-06-23,,,Active,1000,100,100,200Arunachalam FFF04 Main Street PallikaranaiNew Data Called...
Name, Cable Id, Street, Area, Address, Mobile No, Email Id, Activation Date, STB No, VC Model, Connection Status, Installation Charges, Installation Due, Monthly Rental, Rental Due
Arunachalam, FFF04, Main Street, Pallikaranai, Flat no 4 India Bulls, 9988765432, arun@test.com, 2016-06-23,,,Active,1000,100,100,200Arunachalam FFF04 Main Street PallikaranaiNew Data Called...
Name, Cable Id, Street, Area, Address, Mobile No, Email Id, Activation Date, STB No, VC Model, Connection Status, Installation Charges, Installation Due, Monthly Rental, Rental Due
Arunachalam, FFF04, Main Street, Pallikaranai, Flat no 4 India Bulls, 9988765432, arun@test.com, 2016-06-23,,,Active,1000,100,100,200New Data Called...
Name, Cable Id, Street, Area, Address, Mobile No, Email Id, Activation Date, STB No, VC Model, Connection Status, Installation Charges, Installation Due, Monthly Rental, Rental Due
Arunachalam, FFF04, Main Street, Pallikaranai, Flat no 4 India Bulls, 9988765432, arun@test.com, 2016-06-23,,,Active,1000,100,100,200New Data Called...
Name, Cable Id, Street, Area, Address, Mobile No, Email Id, Activation Date, STB No, VC Model, Connection Status, Installation Charges, Installation Due, Monthly Rental, Rental Due
Arunachalam, FFF04, Main Street, Pallikaranai, Flat no 4 India Bulls, 9988765432, arun@test.com, 2016-06-23,,,Active,1000,100,100,200New Data Called...
Name, Cable Id, Street, Area, Address, Mobile No, Email Id, Activation Date, STB No, VC Model, Connection Status, Installation Charges, Installation Due, Monthly Rental, Rental Due
Arunachalam, FFF04, Main Street, Pallikaranai, Flat no 4 India Bulls, 9988765432, arun@test.com, 2016-06-23,,,Active,1000,100,100,200New Data Called...
MANGAIYARARASI,C194,1 st Main Road,Ramalinga nagar,21,9865150018,,1/4/2015,C194,kq;ifaw;murp,Active,300,0,120,0
KATHIRESAN,C203,1 st Main Road,Ramalinga nagar,3/B40 ,9486671503,,1/1/2000,C203,fjpNurd;,Active,0,0,240,240
M.R.G NERU,C209,1 st Main Road,Ramalinga nagar,5,9842449236,,14/11/2013,C209,NeU . vk;. Mh;. [p,Active,0,0,120,0
PREMKUMAR,C210,1 st Main Road,Ramalinga nagar,0,9600536766,,1/1/2000,C210,gpNuk;Fkhh;,Active,0,0,120,0
KARTHICK,C211,1 st Main Road,Ramalinga nagar,21,0,,15/04/2015,C211,fhh;j;jpf;,Active,0,0,120,0
New Data Called...
MANGAIYARARASI,C194,1 st Main Road,Ramalinga nagar,9865150018,21,nirmalbtech@gmail.com,1/4/2015,C194,kq;ifaw;murp,Active,300,0,120,0
KATHIRESAN,C203,1 st Main Road,Ramalinga nagar,9486671503,3/B40 ,,1/1/2000,C203,fjpNurd;,Active,0,0,240,240
M.R.G NERU,C209,1 st Main Road,Ramalinga nagar,9842449236,5,,14/11/2013,C209,NeU . vk;. Mh;. [p,Active,0,0,120,0
PREMKUMAR,C210,1 st Main Road,Ramalinga nagar,9600536766,0,,1/1/2000,C210,gpNuk;Fkhh;,Active,0,0,120,0
KARTHICK,C211,1 st Main Road,Ramalinga nagar,0,21,,15/04/2015,C211,fhh;j;jpf;,Active,0,0,120,0
RAVI STEPHAN,C201,2 st Main Road,Ramalinga nagar,0,0,,23/06/2014,C201,utp ];lPgd;,In Active,0,0,200,53
SAMUEL STEPHEN,C202,3 st Main Road,Ramalinga nagar,0,0,,1/4/2013,C202,rhKNty; ];Bgd;,In Active,0,0,100,103
SATHIYANARAYANAN UP,C204,4 st Main Road,Ramalinga nagar,2775183,0,,1/4/2013,C204,rj;jpaehuhazd; khb,In Active,0,0,100,103
VENU MASAL,C205,5 st Main Road,Ramalinga nagar,0,0,,1/4/2013,C205,NtZ krhyh,In Active,0,0,100,103
GURUSARAN,C206,6 st Main Road,Ramalinga nagar,0,0,,1/4/2013,C206,FUruz;,In Active,0,0,100,103
New Data Called...
New Data Called...
New Data Called...
